<?xml version="1.0" encoding="UTF-8"?>
<testng-results ignored="0" total="1" passed="0" failed="1" skipped="0">
  <reporter-output>
    <line>
      <![CDATA[database connected]]>
    </line>
    <line>
      <![CDATA[browser is launched]]>
    </line>
    <line>
      <![CDATA[logged in succefully]]>
    </line>
    <line>
      <![CDATA[Best Football Player]]>
    </line>
    <line>
      <![CDATA[logout successfully]]>
    </line>
    <line>
      <![CDATA[broweser closed successfully]]>
    </line>
    <line>
      <![CDATA[database disconnection]]>
    </line>
  </reporter-output>
  <suite started-at="2023-07-18T11:40:32 IST" name="Default suite" finished-at="2023-07-18T11:40:51 IST" duration-ms="19015">
    <groups>
    </groups>
    <test started-at="2023-07-18T11:40:32 IST" name="Default test" finished-at="2023-07-18T11:40:51 IST" duration-ms="19015">
      <class name="TestngScripts.Football">
        <test-method is-config="true" signature="databaseconnection()[pri:0, instance:TestngScripts.Football@6e2829c7]" started-at="2023-07-18T11:40:32 IST" name="databaseconnection" finished-at="2023-07-18T11:40:32 IST" duration-ms="53" status="PASS">
          <reporter-output>
            <line>
              <![CDATA[database connected]]>
            </line>
          </reporter-output>
        </test-method> <!-- databaseconnection -->
        <test-method is-config="true" signature="launchbrowser()[pri:0, instance:TestngScripts.Football@6e2829c7]" started-at="2023-07-18T11:40:32 IST" name="launchbrowser" finished-at="2023-07-18T11:40:36 IST" duration-ms="3881" status="PASS">
          <reporter-output>
            <line>
              <![CDATA[browser is launched]]>
            </line>
          </reporter-output>
        </test-method> <!-- launchbrowser -->
        <test-method is-config="true" signature="login()[pri:0, instance:TestngScripts.Football@6e2829c7]" started-at="2023-07-18T11:40:36 IST" name="login" finished-at="2023-07-18T11:40:45 IST" duration-ms="9127" status="PASS">
          <reporter-output>
            <line>
              <![CDATA[logged in succefully]]>
            </line>
          </reporter-output>
        </test-method> <!-- login -->
        <test-method signature="messi()[pri:0, instance:TestngScripts.Football@6e2829c7]" started-at="2023-07-18T11:40:45 IST" name="messi" finished-at="2023-07-18T11:40:45 IST" duration-ms="17" status="FAIL">
          <exception class="java.lang.AssertionError">
            <message>
              <![CDATA[null]]>
            </message>
            <full-stacktrace>
              <![CDATA[java.lang.AssertionError: null
at org.testng.Assert.fail(Assert.java:111)
at org.testng.Assert.fail(Assert.java:116)
at TestngScripts.Football.messi(Football.java:19)
at java.base/jdk.internal.reflect.NativeMethodAccessorImpl.invoke0(Native Method)
at java.base/jdk.internal.reflect.NativeMethodAccessorImpl.invoke(NativeMethodAccessorImpl.java:62)
at java.base/jdk.internal.reflect.DelegatingMethodAccessorImpl.invoke(DelegatingMethodAccessorImpl.java:43)
at java.base/java.lang.reflect.Method.invoke(Method.java:566)
at org.testng.internal.invokers.MethodInvocationHelper.invokeMethod(MethodInvocationHelper.java:139)
at org.testng.internal.invokers.TestInvoker.invokeMethod(TestInvoker.java:664)
at org.testng.internal.invokers.TestInvoker.invokeTestMethod(TestInvoker.java:227)
at org.testng.internal.invokers.MethodRunner.runInSequence(MethodRunner.java:50)
at org.testng.internal.invokers.TestInvoker$MethodInvocationAgent.invoke(TestInvoker.java:957)
at org.testng.internal.invokers.TestInvoker.invokeTestMethods(TestInvoker.java:200)
at org.testng.internal.invokers.TestMethodWorker.invokeTestMethods(TestMethodWorker.java:148)
at org.testng.internal.invokers.TestMethodWorker.run(TestMethodWorker.java:128)
at java.base/java.util.ArrayList.forEach(ArrayList.java:1541)
at org.testng.TestRunner.privateRun(TestRunner.java:848)
at org.testng.TestRunner.run(TestRunner.java:621)
at org.testng.SuiteRunner.runTest(SuiteRunner.java:443)
at org.testng.SuiteRunner.runSequentially(SuiteRunner.java:437)
at org.testng.SuiteRunner.privateRun(SuiteRunner.java:397)
at org.testng.SuiteRunner.run(SuiteRunner.java:336)
at org.testng.SuiteRunnerWorker.runSuite(SuiteRunnerWorker.java:52)
at org.testng.SuiteRunnerWorker.run(SuiteRunnerWorker.java:95)
at org.testng.TestNG.runSuitesSequentially(TestNG.java:1280)
at org.testng.TestNG.runSuitesLocally(TestNG.java:1200)
at org.testng.TestNG.runSuites(TestNG.java:1114)
at org.testng.TestNG.run(TestNG.java:1082)
at org.testng.remote.AbstractRemoteTestNG.run(AbstractRemoteTestNG.java:115)
at org.testng.remote.RemoteTestNG.initAndRun(RemoteTestNG.java:251)
at org.testng.remote.RemoteTestNG.main(RemoteTestNG.java:77)
]]>
            </full-stacktrace>
          </exception> <!-- java.lang.AssertionError -->
          <reporter-output>
            <line>
              <![CDATA[Best Football Player]]>
            </line>
          </reporter-output>
        </test-method> <!-- messi -->
        <test-method is-config="true" signature="logout()[pri:0, instance:TestngScripts.Football@6e2829c7]" started-at="2023-07-18T11:40:51 IST" name="logout" finished-at="2023-07-18T11:40:51 IST" duration-ms="1" status="PASS">
          <reporter-output>
            <line>
              <![CDATA[logout successfully]]>
            </line>
          </reporter-output>
        </test-method> <!-- logout -->
        <test-method is-config="true" signature="closebrowser()[pri:0, instance:TestngScripts.Football@6e2829c7]" started-at="2023-07-18T11:40:51 IST" name="closebrowser" finished-at="2023-07-18T11:40:51 IST" duration-ms="191" status="PASS">
          <reporter-output>
            <line>
              <![CDATA[broweser closed successfully]]>
            </line>
          </reporter-output>
        </test-method> <!-- closebrowser -->
        <test-method is-config="true" signature="databasedisconnection()[pri:0, instance:TestngScripts.Football@6e2829c7]" started-at="2023-07-18T11:40:51 IST" name="databasedisconnection" finished-at="2023-07-18T11:40:51 IST" duration-ms="1" status="PASS">
          <reporter-output>
            <line>
              <![CDATA[database disconnection]]>
            </line>
          </reporter-output>
        </test-method> <!-- databasedisconnection -->
      </class> <!-- TestngScripts.Football -->
    </test> <!-- Default test -->
  </suite> <!-- Default suite -->
</testng-results>
